25.10.2022 13:06:11.204 [main] INFO   onimko.App - Hello mentor course!
25.10.2022 13:07:20.515 [main] INFO   onimko.App - Hello mentor course!
25.10.2022 13:16:43.762 [main] INFO   onimko.App - Hello mentor course!
25.10.2022 13:29:26.833 [main] INFO   onimko.App - Hello mentor course!
25.10.2022 13:31:10.656 [main] INFO   onimko.App - Hello mentor course!
25.10.2022 13:31:58.341 [main] INFO   onimko.App - Hello mentor course!
25.10.2022 13:35:55.431 [main] INFO   onimko.App - Hello mentor course!
25.10.2022 13:40:00.065 [main] INFO   onimko.App - Hello mentor course!
25.10.2022 13:40:31.057 [main] INFO   onimko.App - Hello mentor course!
25.10.2022 13:44:14.988 [main] INFO   onimko.App - Hello mentor course!
25.10.2022 13:44:33.541 [main] INFO   onimko.App - Hello mentor course!
25.10.2022 13:48:41.185 [main] INFO   onimko.App - Hello mentor course!
25.10.2022 13:53:04.239 [main] INFO   onimko.App - Hello mentor course!
25.10.2022 13:53:29.246 [main] INFO   onimko.App - Hello mentor course!
25.10.2022 13:54:41.127 [main] INFO   onimko.App - Hello mentor course!
25.10.2022 13:54:41.138 [main] DEBUG  onimko.App - "Hello mentor course"
25.10.2022 13:55:16.304 [main] INFO   onimko.App - Hello mentor course!
25.10.2022 13:55:16.308 [main] DEBUG  onimko.App - "Hello mentor course from properties!"
25.10.2022 13:56:51.685 [main] INFO   onimko.App - Hello mentor course!
25.10.2022 13:56:51.689 [main] DEBUG  onimko.App - "Hello mentor course from properties!"
25.10.2022 14:02:55.703 [main] INFO   onimko.App - Hello mentor course!
25.10.2022 14:02:55.708 [main] DEBUG  onimko.App - "Hello mentor course from properties!"
25.10.2022 14:03:37.283 [main] INFO   onimko.App - Hello mentor course!
25.10.2022 14:03:37.290 [main] DEBUG  onimko.App - "Hello mentor course from properties!"
25.10.2022 14:03:37.294 [main] DEBUG  onimko.App - Привет менторский курс!
25.10.2022 14:05:32.043 [main] INFO   onimko.App - Hello mentor course!
25.10.2022 14:05:32.048 [main] INFO   onimko.App - "Hello mentor course from properties!"
25.10.2022 14:05:32.051 [main] INFO   onimko.App - Привет менторский курс!
25.10.2022 14:06:22.079 [main] INFO   onimko.App - Hello mentor course!
25.10.2022 14:06:22.082 [main] INFO   onimko.App - "Hello mentor course from properties!"
25.10.2022 14:06:22.086 [main] INFO   onimko.App - Привет менторский курс!
